# JRE version: OpenJDK Runtime Environment Temurin-17.0.5+8 (17.0.5+8) (build 17.0.5+8)
# Java VM: OpenJDK 64-Bit Server VM Temurin-17.0.5+8 (17.0.5+8, mixed mode, sharing, tiered, compressed oops, compressed class ptrs, g1 gc, windows-amd64)
GC Precious Log:
 CPUs: 12 total, 12 available
 Memory: 32671M
 Large Page Support: Disabled
 NUMA Support: Disabled
 Compressed Oops: Enabled (Zero based)
 Heap Region Size: 4M
 Heap Min Capacity: 8M
 Heap Initial Capacity: 512M
 Heap Max Capacity: 8168M
 Pre-touch: Disabled
 Parallel Workers: 10
 Concurrent Workers: 3
 Concurrent Refinement Workers: 10
 Periodic GC: Disabled
Heap:
 garbage-first heap   total 77824K, used 38578K [0x0000000601800000, 0x0000000800000000)
  region size 4096K, 4 young (16384K), 0 survivors (0K)
 Metaspace       used 72524K, committed 73216K, reserved 1114112K
  class space    used 9344K, committed 9664K, reserved 1048576K
GC Heap History (20 events):
Event: 4888.978 GC heap before
{Heap before GC invocations=34 (full 0):
 garbage-first heap   total 77824K, used 62137K [0x0000000601800000, 0x0000000800000000)
  region size 4096K, 7 young (28672K), 1 survivors (4096K)
 Metaspace       used 72254K, committed 72896K, reserved 1114112K
  class space    used 9378K, committed 9664K, reserved 1048576K
}
Event: 4888.979 GC heap after
{Heap after GC invocations=35 (full 0):
 garbage-first heap   total 77824K, used 37574K [0x0000000601800000, 0x0000000800000000)
  region size 4096K, 1 young (4096K), 1 survivors (4096K)
 Metaspace       used 72254K, committed 72896K, reserved 1114112K
  class space    used 9378K, committed 9664K, reserved 1048576K
}
Event: 5665.247 GC heap before
{Heap before GC invocations=35 (full 0):
 garbage-first heap   total 77824K, used 62150K [0x0000000601800000, 0x0000000800000000)
  region size 4096K, 7 young (28672K), 1 survivors (4096K)
 Metaspace       used 72295K, committed 72960K, reserved 1114112K
  class space    used 9378K, committed 9664K, reserved 1048576K
}
Event: 5665.248 GC heap after
{Heap after GC invocations=36 (full 0):
 garbage-first heap   total 77824K, used 37557K [0x0000000601800000, 0x0000000800000000)
  region size 4096K, 1 young (4096K), 1 survivors (4096K)
 Metaspace       used 72295K, committed 72960K, reserved 1114112K
  class space    used 9378K, committed 9664K, reserved 1048576K
}
Event: 6447.657 GC heap before
{Heap before GC invocations=37 (full 0):
 garbage-first heap   total 77824K, used 62133K [0x0000000601800000, 0x0000000800000000)
  region size 4096K, 7 young (28672K), 1 survivors (4096K)
 Metaspace       used 72338K, committed 72960K, reserved 1114112K
  class space    used 9378K, committed 9664K, reserved 1048576K
}
Event: 6447.658 GC heap after
{Heap after GC invocations=38 (full 0):
 garbage-first heap   total 77824K, used 37601K [0x0000000601800000, 0x0000000800000000)
  region size 4096K, 1 young (4096K), 1 survivors (4096K)
 Metaspace       used 72338K, committed 72960K, reserved 1114112K
  class space    used 9378K, committed 9664K, reserved 1048576K
}
Event: 7226.504 GC heap before
{Heap before GC invocations=38 (full 0):
 garbage-first heap   total 77824K, used 62177K [0x0000000601800000, 0x0000000800000000)
  region size 4096K, 7 young (28672K), 1 survivors (4096K)
 Metaspace       used 72350K, committed 72960K, reserved 1114112K
  class space    used 9378K, committed 9664K, reserved 1048576K
}
Event: 7226.505 GC heap after
{Heap after GC invocations=39 (full 0):
 garbage-first heap   total 77824K, used 37572K [0x0000000601800000, 0x0000000800000000)
  region size 4096K, 1 young (4096K), 1 survivors (4096K)
 Metaspace       used 72350K, committed 72960K, reserved 1114112K
  class space    used 9378K, committed 9664K, reserved 1048576K
}
Event: 8017.508 GC heap before
{Heap before GC invocations=40 (full 0):
 garbage-first heap   total 77824K, used 62148K [0x0000000601800000, 0x0000000800000000)
  region size 4096K, 7 young (28672K), 1 survivors (4096K)
 Metaspace       used 72379K, committed 73024K, reserved 1114112K
  class space    used 9378K, committed 9664K, reserved 1048576K
}
Event: 8017.509 GC heap after
{Heap after GC invocations=41 (full 0):
 garbage-first heap   total 77824K, used 37592K [0x0000000601800000, 0x0000000800000000)
  region size 4096K, 1 young (4096K), 1 survivors (4096K)
 Metaspace       used 72379K, committed 73024K, reserved 1114112K
  class space    used 9378K, committed 9664K, reserved 1048576K
}
Event: 8808.044 GC heap before
{Heap before GC invocations=41 (full 0):
 garbage-first heap   total 77824K, used 62168K [0x0000000601800000, 0x0000000800000000)
  region size 4096K, 7 young (28672K), 1 survivors (4096K)
 Metaspace       used 72397K, committed 73088K, reserved 1114112K
  class space    used 9378K, committed 9664K, reserved 1048576K
}
Event: 8808.045 GC heap after
{Heap after GC invocations=42 (full 0):
 garbage-first heap   total 77824K, used 37617K [0x0000000601800000, 0x0000000800000000)
  region size 4096K, 1 young (4096K), 1 survivors (4096K)
 Metaspace       used 72397K, committed 73088K, reserved 1114112K
  class space    used 9378K, committed 9664K, reserved 1048576K
}
Event: 9579.241 GC heap before
{Heap before GC invocations=43 (full 0):
 garbage-first heap   total 77824K, used 62193K [0x0000000601800000, 0x0000000800000000)
  region size 4096K, 7 young (28672K), 1 survivors (4096K)
 Metaspace       used 72090K, committed 73088K, reserved 1114112K
  class space    used 9296K, committed 9664K, reserved 1048576K
}
Event: 9579.243 GC heap after
{Heap after GC invocations=44 (full 0):
 garbage-first heap   total 77824K, used 37445K [0x0000000601800000, 0x0000000800000000)
  region size 4096K, 1 young (4096K), 1 survivors (4096K)
 Metaspace       used 72090K, committed 73088K, reserved 1114112K
  class space    used 9296K, committed 9664K, reserved 1048576K
}
Event: 9707.897 GC heap before
{Heap before GC invocations=44 (full 0):
 garbage-first heap   total 77824K, used 41541K [0x0000000601800000, 0x0000000800000000)
  region size 4096K, 2 young (8192K), 1 survivors (4096K)
 Metaspace       used 72091K, committed 73088K, reserved 1114112K
  class space    used 9296K, committed 9664K, reserved 1048576K
}
Event: 9707.902 GC heap after
{Heap after GC invocations=45 (full 0):
 garbage-first heap   total 77824K, used 34582K [0x0000000601800000, 0x0000000800000000)
  region size 4096K, 1 young (4096K), 1 survivors (4096K)
 Metaspace       used 72091K, committed 73088K, reserved 1114112K
  class space    used 9296K, committed 9664K, reserved 1048576K
}
Event: 9836.577 GC heap before
{Heap before GC invocations=45 (full 0):
 garbage-first heap   total 77824K, used 38678K [0x0000000601800000, 0x0000000800000000)
  region size 4096K, 2 young (8192K), 1 survivors (4096K)
 Metaspace       used 72094K, committed 73088K, reserved 1114112K
  class space    used 9297K, committed 9664K, reserved 1048576K
}
Event: 9836.579 GC heap after
{Heap after GC invocations=46 (full 0):
 garbage-first heap   total 77824K, used 33904K [0x0000000601800000, 0x0000000800000000)
  region size 4096K, 1 young (4096K), 1 survivors (4096K)
 Metaspace       used 72094K, committed 73088K, reserved 1114112K
  class space    used 9297K, committed 9664K, reserved 1048576K
}
Event: 10435.903 GC heap before
{Heap before GC invocations=46 (full 0):
 garbage-first heap   total 77824K, used 54384K [0x0000000601800000, 0x0000000800000000)
  region size 4096K, 7 young (28672K), 1 survivors (4096K)
 Metaspace       used 72446K, committed 73152K, reserved 1114112K
  class space    used 9345K, committed 9664K, reserved 1048576K
}
Event: 10435.998 GC heap after
{Heap after GC invocations=47 (full 1):
 garbage-first heap   total 77824K, used 26290K [0x0000000601800000, 0x0000000800000000)
  region size 4096K, 0 young (0K), 0 survivors (0K)
 Metaspace       used 72409K, committed 73152K, reserved 1114112K
  class space    used 9339K, committed 9664K, reserved 1048576K
}

